Performing C SOURCE FILE Test CMAKE_HAVE_LIBC_PTHREAD failed with the following output:
Change Dir: /home/abiel/Documents/WindowsVMWare/DJISummerCamp2019/ROS_Ws/src/RefereeComms/cmake-build-debug/CMakeFiles/CMakeTmp

Run Build Command(s):/usr/bin/make cmTC_71f92/fast && /usr/bin/make -f CMakeFiles/cmTC_71f92.dir/build.make CMakeFiles/cmTC_71f92.dir/build
make[1]: Entering directory '/home/abiel/Documents/WindowsVMWare/DJISummerCamp2019/ROS_Ws/src/RefereeComms/cmake-build-debug/CMakeFiles/CMakeTmp'
Building C object CMakeFiles/cmTC_71f92.dir/src.c.o
/usr/bin/cc   -DCMAKE_HAVE_LIBC_PTHREAD   -o CMakeFiles/cmTC_71f92.dir/src.c.o   -c /home/abiel/Documents/WindowsVMWare/DJISummerCamp2019/ROS_Ws/src/RefereeComms/cmake-build-debug/CMakeFiles/CMakeTmp/src.c
Linking C executable cmTC_71f92
/usr/bin/cmake -E cmake_link_script CMakeFiles/cmTC_71f92.dir/link.txt --verbose=1
/usr/bin/cc  -DCMAKE_HAVE_LIBC_PTHREAD    -rdynamic CMakeFiles/cmTC_71f92.dir/src.c.o  -o cmTC_71f92 
/usr/bin/ld: CMakeFiles/cmTC_71f92.dir/src.c.o: in function `main':
src.c:(.text+0x3e): undefined reference to `pthread_create'
/usr/bin/ld: src.c:(.text+0x4a): undefined reference to `pthread_detach'
/usr/bin/ld: src.c:(.text+0x5b): undefined reference to `pthread_join'
collect2: error: ld returned 1 exit status
make[1]: *** [CMakeFiles/cmTC_71f92.dir/build.make:87: cmTC_71f92] Error 1
make[1]: Leaving directory '/home/abiel/Documents/WindowsVMWare/DJISummerCamp2019/ROS_Ws/src/RefereeComms/cmake-build-debug/CMakeFiles/CMakeTmp'
make: *** [Makefile:121: cmTC_71f92/fast] Error 2


Source file was:
#include <pthread.h>

void* test_func(void* data)
{
  return data;
}

int main(void)
{
  pthread_t thread;
  pthread_create(&thread, NULL, test_func, NULL);
  pthread_detach(thread);
  pthread_join(thread, NULL);
  pthread_atfork(NULL, NULL, NULL);
  pthread_exit(NULL);

  return 0;
}

Determining if the function pthread_create exists in the pthreads failed with the following output:
Change Dir: /home/abiel/Documents/WindowsVMWare/DJISummerCamp2019/ROS_Ws/src/RefereeComms/cmake-build-debug/CMakeFiles/CMakeTmp

Run Build Command(s):/usr/bin/make cmTC_eea64/fast && /usr/bin/make -f CMakeFiles/cmTC_eea64.dir/build.make CMakeFiles/cmTC_eea64.dir/build
make[1]: Entering directory '/home/abiel/Documents/WindowsVMWare/DJISummerCamp2019/ROS_Ws/src/RefereeComms/cmake-build-debug/CMakeFiles/CMakeTmp'
Building C object CMakeFiles/cmTC_eea64.dir/CheckFunctionExists.c.o
/usr/bin/cc   -DCHECK_FUNCTION_EXISTS=pthread_create   -o CMakeFiles/cmTC_eea64.dir/CheckFunctionExists.c.o   -c /usr/share/cmake-3.15/Modules/CheckFunctionExists.c
Linking C executable cmTC_eea64
/usr/bin/cmake -E cmake_link_script CMakeFiles/cmTC_eea64.dir/link.txt --verbose=1
/usr/bin/cc  -DCHECK_FUNCTION_EXISTS=pthread_create    -rdynamic CMakeFiles/cmTC_eea64.dir/CheckFunctionExists.c.o  -o cmTC_eea64 -lpthreads 
/usr/bin/ld: cannot find -lpthreads
collect2: error: ld returned 1 exit status
make[1]: *** [CMakeFiles/cmTC_eea64.dir/build.make:87: cmTC_eea64] Error 1
make[1]: Leaving directory '/home/abiel/Documents/WindowsVMWare/DJISummerCamp2019/ROS_Ws/src/RefereeComms/cmake-build-debug/CMakeFiles/CMakeTmp'
make: *** [Makefile:121: cmTC_eea64/fast] Error 2



