Performing C SOURCE FILE Test CMAKE_HAVE_LIBC_PTHREAD failed with the following output:
Change Dir: /home/abiel/Documents/ManifoldConn/src/CANRobot/cmake-build-debug/CMakeFiles/CMakeTmp

Run Build Command(s):/usr/bin/make cmTC_73936/fast && make: Warning: File 'Makefile' has modification time 0.26 s in the future
/usr/bin/make -f CMakeFiles/cmTC_73936.dir/build.make CMakeFiles/cmTC_73936.dir/build
make[1]: Entering directory '/home/abiel/Documents/ManifoldConn/src/CANRobot/cmake-build-debug/CMakeFiles/CMakeTmp'
make[1]: Warning: File 'CMakeFiles/cmTC_73936.dir/flags.make' has modification time 0.21 s in the future
Building C object CMakeFiles/cmTC_73936.dir/src.c.o
/usr/bin/cc   -DCMAKE_HAVE_LIBC_PTHREAD   -o CMakeFiles/cmTC_73936.dir/src.c.o   -c /home/abiel/Documents/ManifoldConn/src/CANRobot/cmake-build-debug/CMakeFiles/CMakeTmp/src.c
Linking C executable cmTC_73936
/usr/bin/cmake -E cmake_link_script CMakeFiles/cmTC_73936.dir/link.txt --verbose=1
/usr/bin/cc  -DCMAKE_HAVE_LIBC_PTHREAD    -rdynamic CMakeFiles/cmTC_73936.dir/src.c.o  -o cmTC_73936 
/usr/bin/ld: CMakeFiles/cmTC_73936.dir/src.c.o: in function `main':
src.c:(.text+0x3e): undefined reference to `pthread_create'
/usr/bin/ld: src.c:(.text+0x4a): undefined reference to `pthread_detach'
/usr/bin/ld: src.c:(.text+0x5b): undefined reference to `pthread_join'
collect2: error: ld returned 1 exit status
make[1]: *** [CMakeFiles/cmTC_73936.dir/build.make:87: cmTC_73936] Error 1
make[1]: Leaving directory '/home/abiel/Documents/ManifoldConn/src/CANRobot/cmake-build-debug/CMakeFiles/CMakeTmp'
make: *** [Makefile:121: cmTC_73936/fast] Error 2


Source file was:
#include <pthread.h>

void* test_func(void* data)
{
  return data;
}

int main(void)
{
  pthread_t thread;
  pthread_create(&thread, NULL, test_func, NULL);
  pthread_detach(thread);
  pthread_join(thread, NULL);
  pthread_atfork(NULL, NULL, NULL);
  pthread_exit(NULL);

  return 0;
}

Determining if the function pthread_create exists in the pthreads failed with the following output:
Change Dir: /home/abiel/Documents/ManifoldConn/src/CANRobot/cmake-build-debug/CMakeFiles/CMakeTmp

Run Build Command(s):/usr/bin/make cmTC_38d19/fast && /usr/bin/make -f CMakeFiles/cmTC_38d19.dir/build.make CMakeFiles/cmTC_38d19.dir/build
make[1]: Entering directory '/home/abiel/Documents/ManifoldConn/src/CANRobot/cmake-build-debug/CMakeFiles/CMakeTmp'
Building C object CMakeFiles/cmTC_38d19.dir/CheckFunctionExists.c.o
/usr/bin/cc   -DCHECK_FUNCTION_EXISTS=pthread_create   -o CMakeFiles/cmTC_38d19.dir/CheckFunctionExists.c.o   -c /usr/share/cmake-3.15/Modules/CheckFunctionExists.c
Linking C executable cmTC_38d19
/usr/bin/cmake -E cmake_link_script CMakeFiles/cmTC_38d19.dir/link.txt --verbose=1
/usr/bin/cc  -DCHECK_FUNCTION_EXISTS=pthread_create    -rdynamic CMakeFiles/cmTC_38d19.dir/CheckFunctionExists.c.o  -o cmTC_38d19 -lpthreads 
/usr/bin/ld: cannot find -lpthreads
collect2: error: ld returned 1 exit status
make[1]: *** [CMakeFiles/cmTC_38d19.dir/build.make:87: cmTC_38d19] Error 1
make[1]: Leaving directory '/home/abiel/Documents/ManifoldConn/src/CANRobot/cmake-build-debug/CMakeFiles/CMakeTmp'
make: *** [Makefile:121: cmTC_38d19/fast] Error 2



